<?xml version="1.0" encoding="UTF-8"?>
<testsuite name="Lecture5ExercisesTest" tests="20" skipped="0" failures="0" errors="0" timestamp="2023-04-19T20:02:32" hostname="DESKTOP-1CGNKU3" time="0.044">
  <properties/>
  <testcase name="strongPasswordTest 1/20" classname="Lecture5ExercisesTest" time="0.012"/>
  <testcase name="strongPasswordTest 2/20" classname="Lecture5ExercisesTest" time="0.001"/>
  <testcase name="strongPasswordTest 3/20" classname="Lecture5ExercisesTest" time="0.001"/>
  <testcase name="strongPasswordTest 4/20" classname="Lecture5ExercisesTest" time="0.001"/>
  <testcase name="strongPasswordTest 5/20" classname="Lecture5ExercisesTest" time="0.001"/>
  <testcase name="strongPasswordTest 6/20" classname="Lecture5ExercisesTest" time="0.0"/>
  <testcase name="strongPasswordTest 7/20" classname="Lecture5ExercisesTest" time="0.001"/>
  <testcase name="strongPasswordTest 8/20" classname="Lecture5ExercisesTest" time="0.0"/>
  <testcase name="strongPasswordTest 9/20" classname="Lecture5ExercisesTest" time="0.001"/>
  <testcase name="strongPasswordTest 10/20" classname="Lecture5ExercisesTest" time="0.001"/>
  <testcase name="strongPasswordTest 11/20" classname="Lecture5ExercisesTest" time="0.001"/>
  <testcase name="strongPasswordTest 12/20" classname="Lecture5ExercisesTest" time="0.001"/>
  <testcase name="strongPasswordTest 13/20" classname="Lecture5ExercisesTest" time="0.001"/>
  <testcase name="strongPasswordTest 14/20" classname="Lecture5ExercisesTest" time="0.001"/>
  <testcase name="strongPasswordTest 15/20" classname="Lecture5ExercisesTest" time="0.0"/>
  <testcase name="strongPasswordTest 16/20" classname="Lecture5ExercisesTest" time="0.001"/>
  <testcase name="strongPasswordTest 17/20" classname="Lecture5ExercisesTest" time="0.0"/>
  <testcase name="strongPasswordTest 18/20" classname="Lecture5ExercisesTest" time="0.0"/>
  <testcase name="strongPasswordTest 19/20" classname="Lecture5ExercisesTest" time="0.0"/>
  <testcase name="strongPasswordTest 20/20" classname="Lecture5ExercisesTest" time="0.001"/>
  <system-out><![CDATA[]]></system-out>
  <system-err><![CDATA[]]></system-err>
</testsuite>
